<?xml version="1.0" encoding="UTF-8"?>
<!-- Generated by org.testng.reporters.JUnitXMLReporter -->
<testsuite hostname="DESKTOP-O75K0Q2" ignored="0" name="Test" tests="2" failures="0" timestamp="22 Dec 2018 05:28:17 GMT" time="23.303" errors="0">
  <testcase name="clicking_signin_menu_home_screen" time="6.328" classname="com.org.learningMaven.LoginUserUnduit.callingMethod"/>
  <testcase name="login_user" time="2.452" classname="com.org.learningMaven.LoginUserUnduit.callingMethod"/>
</testsuite> <!-- Test -->
