<?xml version="1.0" encoding="UTF-8"?>
<testng-results skipped="0" failed="0" ignored="0" total="2" passed="2">
  <reporter-output>
  </reporter-output>
  <suite name="Suite" duration-ms="26504" started-at="2018-12-20T10:50:47Z" finished-at="2018-12-20T10:51:13Z">
    <groups>
    </groups>
    <test name="Test" duration-ms="26504" started-at="2018-12-20T10:50:47Z" finished-at="2018-12-20T10:51:13Z">
      <class name="com.org.learningMaven.LoginUserUnduit.callingMethod">
        <test-method status="PASS" signature="invokeMethod()[pri:0, instance:com.org.learningMaven.LoginUserUnduit.callingMethod@26ba2a48]" name="invokeMethod" is-config="true" duration-ms="17836" started-at="2018-12-20T10:50:47Z" finished-at="2018-12-20T10:51:05Z">
          <reporter-output>
          </reporter-output>
        </test-method> <!-- invokeMethod -->
        <test-method status="PASS" signature="callanother()[pri:0, instance:com.org.learningMaven.LoginUserUnduit.callingMethod@26ba2a48]" name="callanother" duration-ms="1" started-at="2018-12-20T10:51:05Z" finished-at="2018-12-20T10:51:05Z">
          <reporter-output>
          </reporter-output>
        </test-method> <!-- callanother -->
        <test-method status="PASS" signature="signin_one()[pri:0, instance:com.org.learningMaven.LoginUserUnduit.callingMethod@26ba2a48]" name="signin_one" duration-ms="8647" started-at="2018-12-20T10:51:05Z" finished-at="2018-12-20T10:51:13Z">
          <reporter-output>
          </reporter-output>
        </test-method> <!-- signin_one -->
      </class> <!-- com.org.learningMaven.LoginUserUnduit.callingMethod -->
    </test> <!-- Test -->
  </suite> <!-- Suite -->
</testng-results>
