<?xml version="1.0" encoding="UTF-8"?>
<testng-results skipped="0" failed="0" ignored="0" total="2" passed="2">
  <reporter-output>
  </reporter-output>
  <suite name="Suite" duration-ms="23303" started-at="2018-12-22T05:27:54Z" finished-at="2018-12-22T05:28:17Z">
    <groups>
    </groups>
    <test name="Test" duration-ms="23303" started-at="2018-12-22T05:27:54Z" finished-at="2018-12-22T05:28:17Z">
      <class name="com.org.learningMaven.LoginUserUnduit.callingMethod">
        <test-method status="PASS" signature="invokeMethod()[pri:0, instance:com.org.learningMaven.LoginUserUnduit.callingMethod@4b9e13df]" name="invokeMethod" is-config="true" duration-ms="14501" started-at="2018-12-22T05:27:54Z" finished-at="2018-12-22T05:28:08Z">
          <reporter-output>
          </reporter-output>
        </test-method> <!-- invokeMethod -->
        <test-method status="PASS" signature="clicking_signin_menu_home_screen()[pri:0, instance:com.org.learningMaven.LoginUserUnduit.callingMethod@4b9e13df]" name="clicking_signin_menu_home_screen" duration-ms="6328" started-at="2018-12-22T05:28:08Z" finished-at="2018-12-22T05:28:15Z">
          <reporter-output>
          </reporter-output>
        </test-method> <!-- clicking_signin_menu_home_screen -->
        <test-method status="PASS" signature="login_user()[pri:1, instance:com.org.learningMaven.LoginUserUnduit.callingMethod@4b9e13df]" name="login_user" duration-ms="2452" started-at="2018-12-22T05:28:15Z" finished-at="2018-12-22T05:28:17Z">
          <reporter-output>
          </reporter-output>
        </test-method> <!-- login_user -->
      </class> <!-- com.org.learningMaven.LoginUserUnduit.callingMethod -->
    </test> <!-- Test -->
  </suite> <!-- Suite -->
</testng-results>
